# JRE version: Java(TM) SE Runtime Environment (8.0_51-b16) (build 1.8.0_51-b16)
# Java VM: Java HotSpot(TM) 64-Bit Server VM (25.51-b03 mixed mode windows-amd64 compressed oops)
Heap:
 PSYoungGen      total 72192K, used 12092K [0x00000000eab00000, 0x00000000f2400000, 0x0000000100000000)
  eden space 51712K, 19% used [0x00000000eab00000,0x00000000eb514680,0x00000000edd80000)
  from space 20480K, 8% used [0x00000000edd80000,0x00000000edf3acc8,0x00000000ef180000)
  to   space 20480K, 0% used [0x00000000f1000000,0x00000000f1000000,0x00000000f2400000)
 ParOldGen       total 80896K, used 42059K [0x00000000c0000000, 0x00000000c4f00000, 0x00000000eab00000)
  object space 80896K, 51% used [0x00000000c0000000,0x00000000c2912d30,0x00000000c4f00000)
 Metaspace       used 6434K, capacity 7256K, committed 7424K, reserved 1056768K
  class space    used 614K, capacity 656K, committed 768K, reserved 1048576K
GC Heap History (10 events):
Event: 7.495 GC heap before
{Heap before GC invocations=6 (full 0):
 PSYoungGen      total 34304K, used 34283K [0x00000000eab00000, 0x00000000efa00000, 0x0000000100000000)
  eden space 31744K, 100% used [0x00000000eab00000,0x00000000eca00000,0x00000000eca00000)
  from space 2560K, 99% used [0x00000000eca00000,0x00000000ecc7af70,0x00000000ecc80000)
  to   space 8704K, 0% used [0x00000000ef180000,0x00000000ef180000,0x00000000efa00000)
 ParOldGen       total 42496K, used 10843K [0x00000000c0000000, 0x00000000c2980000, 0x00000000eab00000)
  object space 42496K, 25% used [0x00000000c0000000,0x00000000c0a96e50,0x00000000c2980000)
 Metaspace       used 6205K, capacity 7088K, committed 7296K, reserved 1056768K
  class space    used 592K, capacity 616K, committed 640K, reserved 1048576K
Event: 7.528 GC heap after
Heap after GC invocations=6 (full 0):
 PSYoungGen      total 71168K, used 7851K [0x00000000eab00000, 0x00000000efc00000, 0x0000000100000000)
  eden space 62464K, 0% used [0x00000000eab00000,0x00000000eab00000,0x00000000ee800000)
  from space 8704K, 90% used [0x00000000ef180000,0x00000000ef92afb0,0x00000000efa00000)
  to   space 9728K, 0% used [0x00000000ee800000,0x00000000ee800000,0x00000000ef180000)
 ParOldGen       total 42496K, used 10843K [0x00000000c0000000, 0x00000000c2980000, 0x00000000eab00000)
  object space 42496K, 25% used [0x00000000c0000000,0x00000000c0a96e50,0x00000000c2980000)
 Metaspace       used 6205K, capacity 7088K, committed 7296K, reserved 1056768K
  class space    used 592K, capacity 616K, committed 640K, reserved 1048576K
}
Event: 13.804 GC heap before
{Heap before GC invocations=7 (full 0):
 PSYoungGen      total 71168K, used 70315K [0x00000000eab00000, 0x00000000efc00000, 0x0000000100000000)
  eden space 62464K, 100% used [0x00000000eab00000,0x00000000ee800000,0x00000000ee800000)
  from space 8704K, 90% used [0x00000000ef180000,0x00000000ef92afb0,0x00000000efa00000)
  to   space 9728K, 0% used [0x00000000ee800000,0x00000000ee800000,0x00000000ef180000)
 ParOldGen       total 42496K, used 10843K [0x00000000c0000000, 0x00000000c2980000, 0x00000000eab00000)
  object space 42496K, 25% used [0x00000000c0000000,0x00000000c0a96e50,0x00000000c2980000)
 Metaspace       used 6276K, capacity 7152K, committed 7296K, reserved 1056768K
  class space    used 593K, capacity 616K, committed 640K, reserved 1048576K
Event: 13.943 GC heap after
Heap after GC invocations=7 (full 0):
 PSYoungGen      total 72192K, used 9722K [0x00000000eab00000, 0x00000000efc00000, 0x0000000100000000)
  eden space 62464K, 0% used [0x00000000eab00000,0x00000000eab00000,0x00000000ee800000)
  from space 9728K, 99% used [0x00000000ee800000,0x00000000ef17e960,0x00000000ef180000)
  to   space 8704K, 0% used [0x00000000ef180000,0x00000000ef180000,0x00000000efa00000)
 ParOldGen       total 42496K, used 18895K [0x00000000c0000000, 0x00000000c2980000, 0x00000000eab00000)
  object space 42496K, 44% used [0x00000000c0000000,0x00000000c1273e78,0x00000000c2980000)
 Metaspace       used 6276K, capacity 7152K, committed 7296K, reserved 1056768K
  class space    used 593K, capacity 616K, committed 640K, reserved 1048576K
}
Event: 17.150 GC heap before
{Heap before GC invocations=8 (full 0):
 PSYoungGen      total 72192K, used 72186K [0x00000000eab00000, 0x00000000efc00000, 0x0000000100000000)
  eden space 62464K, 100% used [0x00000000eab00000,0x00000000ee800000,0x00000000ee800000)
  from space 9728K, 99% used [0x00000000ee800000,0x00000000ef17e960,0x00000000ef180000)
  to   space 8704K, 0% used [0x00000000ef180000,0x00000000ef180000,0x00000000efa00000)
 ParOldGen       total 42496K, used 18895K [0x00000000c0000000, 0x00000000c2980000, 0x00000000eab00000)
  object space 42496K, 44% used [0x00000000c0000000,0x00000000c1273e78,0x00000000c2980000)
 Metaspace       used 6302K, capacity 7152K, committed 7296K, reserved 1056768K
  class space    used 593K, capacity 616K, committed 640K, reserved 1048576K
Event: 17.199 GC heap after
Heap after GC invocations=8 (full 0):
 PSYoungGen      total 60416K, used 8672K [0x00000000eab00000, 0x00000000f4d00000, 0x0000000100000000)
  eden space 51712K, 0% used [0x00000000eab00000,0x00000000eab00000,0x00000000edd80000)
  from space 8704K, 99% used [0x00000000ef180000,0x00000000ef9f81a0,0x00000000efa00000)
  to   space 20480K, 0% used [0x00000000edd80000,0x00000000edd80000,0x00000000ef180000)
 ParOldGen       total 42496K, used 30133K [0x00000000c0000000, 0x00000000c2980000, 0x00000000eab00000)
  object space 42496K, 70% used [0x00000000c0000000,0x00000000c1d6d4e0,0x00000000c2980000)
 Metaspace       used 6302K, capacity 7152K, committed 7296K, reserved 1056768K
  class space    used 593K, capacity 616K, committed 640K, reserved 1048576K
}
Event: 18.733 GC heap before
{Heap before GC invocations=9 (full 0):
 PSYoungGen      total 60416K, used 60384K [0x00000000eab00000, 0x00000000f4d00000, 0x0000000100000000)
  eden space 51712K, 100% used [0x00000000eab00000,0x00000000edd80000,0x00000000edd80000)
  from space 8704K, 99% used [0x00000000ef180000,0x00000000ef9f81a0,0x00000000efa00000)
  to   space 20480K, 0% used [0x00000000edd80000,0x00000000edd80000,0x00000000ef180000)
 ParOldGen       total 42496K, used 30133K [0x00000000c0000000, 0x00000000c2980000, 0x00000000eab00000)
  object space 42496K, 70% used [0x00000000c0000000,0x00000000c1d6d4e0,0x00000000c2980000)
 Metaspace       used 6425K, capacity 7256K, committed 7424K, reserved 1056768K
  class space    used 614K, capacity 656K, committed 768K, reserved 1048576K
Event: 18.805 GC heap after
Heap after GC invocations=9 (full 0):
 PSYoungGen      total 72192K, used 12082K [0x00000000eab00000, 0x00000000f2400000, 0x0000000100000000)
  eden space 51712K, 0% used [0x00000000eab00000,0x00000000eab00000,0x00000000edd80000)
  from space 20480K, 58% used [0x00000000edd80000,0x00000000ee94cbf0,0x00000000ef180000)
  to   space 20480K, 0% used [0x00000000f1000000,0x00000000f1000000,0x00000000f2400000)
 ParOldGen       total 42496K, used 34953K [0x00000000c0000000, 0x00000000c2980000, 0x00000000eab00000)
  object space 42496K, 82% used [0x00000000c0000000,0x00000000c2222498,0x00000000c2980000)
 Metaspace       used 6425K, capacity 7256K, committed 7424K, reserved 1056768K
  class space    used 614K, capacity 656K, committed 768K, reserved 1048576K
}
Event: 18.805 GC heap before
{Heap before GC invocations=10 (full 1):
 PSYoungGen      total 72192K, used 12082K [0x00000000eab00000, 0x00000000f2400000, 0x0000000100000000)
  eden space 51712K, 0% used [0x00000000eab00000,0x00000000eab00000,0x00000000edd80000)
  from space 20480K, 58% used [0x00000000edd80000,0x00000000ee94cbf0,0x00000000ef180000)
  to   space 20480K, 0% used [0x00000000f1000000,0x00000000f1000000,0x00000000f2400000)
 ParOldGen       total 42496K, used 34953K [0x00000000c0000000, 0x00000000c2980000, 0x00000000eab00000)
  object space 42496K, 82% used [0x00000000c0000000,0x00000000c2222498,0x00000000c2980000)
 Metaspace       used 6425K, capacity 7256K, committed 7424K, reserved 1056768K
  class space    used 614K, capacity 656K, committed 768K, reserved 1048576K
Event: 20.830 GC heap after
Heap after GC invocations=10 (full 1):
 PSYoungGen      total 72192K, used 1771K [0x00000000eab00000, 0x00000000f2400000, 0x0000000100000000)
  eden space 51712K, 0% used [0x00000000eab00000,0x00000000eab00000,0x00000000edd80000)
  from space 20480K, 8% used [0x00000000edd80000,0x00000000edf3acc8,0x00000000ef180000)
  to   space 20480K, 0% used [0x00000000f1000000,0x00000000f1000000,0x00000000f2400000)
 ParOldGen       total 80896K, used 42059K [0x00000000c0000000, 0x00000000c4f00000, 0x00000000eab00000)
  object space 80896K, 51% used [0x00000000c0000000,0x00000000c2912d30,0x00000000c4f00000)
 Metaspace       used 6425K, capacity 7256K, committed 7424K, reserved 1056768K
  class space    used 614K, capacity 656K, committed 768K, reserved 1048576K
}

